<?xml version="1.0" encoding="UTF-8"?>
<!-- Generated by org.testng.reporters.JUnitReportReporter -->
<testsuite hostname="DESKTOP-C8AFJFT" failures="0" tests="1" name="tests.Tests" time="55.197" errors="0" timestamp="2022-04-17T22:51:20 PDT" skipped="0">
  <testcase classname="tests.Tests" name="testcase" time="55.197"/>
  <system-out/>
</testsuite> <!-- tests.Tests -->
